  DijkstraShortestPath3cpp.cpp
c:\codingstudy\dijkstrashortestpath\dijkstrashortestpath\dijkstrashortestpath3cpp.cpp(104): warning C4018: '<': signed 또는 unsigned가 일치하지 않습니다.
c:\codingstudy\dijkstrashortestpath\dijkstrashortestpath\dijkstrashortestpath3cpp.cpp(120): warning C4018: '<': signed 또는 unsigned가 일치하지 않습니다.
c:\codingstudy\dijkstrashortestpath\dijkstrashortestpath\dijkstrashortestpath3cpp.cpp(69): warning C4996: 'scanf': This function or variable may be unsafe. Consider using scanf_s instead. To disable deprecation, use _CRT_SECURE_NO_WARNINGS. See online help for details.
  c:\program files (x86)\windows kits\10\include\10.0.16299.0\ucrt\stdio.h(1272): note: 'scanf' 선언을 참조하십시오.
c:\codingstudy\dijkstrashortestpath\dijkstrashortestpath\dijkstrashortestpath3cpp.cpp(70): warning C4996: 'scanf': This function or variable may be unsafe. Consider using scanf_s instead. To disable deprecation, use _CRT_SECURE_NO_WARNINGS. See online help for details.
  c:\program files (x86)\windows kits\10\include\10.0.16299.0\ucrt\stdio.h(1272): note: 'scanf' 선언을 참조하십시오.
c:\codingstudy\dijkstrashortestpath\dijkstrashortestpath\dijkstrashortestpath3cpp.cpp(71): warning C4996: 'scanf': This function or variable may be unsafe. Consider using scanf_s instead. To disable deprecation, use _CRT_SECURE_NO_WARNINGS. See online help for details.
  c:\program files (x86)\windows kits\10\include\10.0.16299.0\ucrt\stdio.h(1272): note: 'scanf' 선언을 참조하십시오.
c:\codingstudy\dijkstrashortestpath\dijkstrashortestpath\dijkstrashortestpath3cpp.cpp(79): warning C4996: 'scanf': This function or variable may be unsafe. Consider using scanf_s instead. To disable deprecation, use _CRT_SECURE_NO_WARNINGS. See online help for details.
  c:\program files (x86)\windows kits\10\include\10.0.16299.0\ucrt\stdio.h(1272): note: 'scanf' 선언을 참조하십시오.
c:\codingstudy\dijkstrashortestpath\dijkstrashortestpath\dijkstrashortestpath3cpp.cpp(80): warning C4996: 'scanf': This function or variable may be unsafe. Consider using scanf_s instead. To disable deprecation, use _CRT_SECURE_NO_WARNINGS. See online help for details.
  c:\program files (x86)\windows kits\10\include\10.0.16299.0\ucrt\stdio.h(1272): note: 'scanf' 선언을 참조하십시오.
c:\codingstudy\dijkstrashortestpath\dijkstrashortestpath\dijkstrashortestpath3cpp.cpp(81): warning C4996: 'scanf': This function or variable may be unsafe. Consider using scanf_s instead. To disable deprecation, use _CRT_SECURE_NO_WARNINGS. See online help for details.
  c:\program files (x86)\windows kits\10\include\10.0.16299.0\ucrt\stdio.h(1272): note: 'scanf' 선언을 참조하십시오.
c:\codingstudy\dijkstrashortestpath\dijkstrashortestpath\dijkstrashortestpath3cpp.cpp(122): warning C4477: 'printf' : 서식 문자열 '%d'에 'int' 형식의 인수가 필요하지만 variadic 인수 1의 형식이 'std::vector<Node,std::allocator<_Ty>>'입니다.
          with
          [
              _Ty=Node
          ]
  DijkstraShortestPath.vcxproj -> C:\CodingStudy\DijkstraShortestPath\Debug\DijkstraShortestPath.exe
